<?xml version="1.0" encoding="UTF-8"?>
<!-- Generated by org.testng.reporters.JUnitReportReporter -->
<testsuite hostname="DESKTOP-7J2PE0F" failures="0" tests="2" name="TestRunner.TestRunner1" time="38.574" errors="0" timestamp="2023-03-04T13:19:37 GMT" skipped="0">
  <testcase classname="TestRunner.TestRunner1" name="runScenario" time="15.169"/>
  <system-out>
    <![CDATA[expected [Smartbazaar – World of Asian Foods] but found [Smartbazaar - World of Asian Foods]
Fail]]>
  </system-out>
  <testcase classname="TestRunner.TestRunner1" name="runScenario" time="23.405"/>
  <system-out/>
</testsuite> <!-- TestRunner.TestRunner1 -->
