<?xml version="1.0" encoding="UTF-8"?>
<!-- Generated by org.testng.reporters.JUnitXMLReporter -->
<testsuite ignored="0" hostname="DESKTOP-7J2PE0F" failures="0" tests="2" name="Smart-bazaar" time="39.774" errors="0" timestamp="2023-03-04T13:19:37 GMT">
  <testcase classname="io.cucumber.testng.AbstractTestNGCucumberTests" name="runScenario" time="15.169"/>
  <testcase classname="io.cucumber.testng.AbstractTestNGCucumberTests" name="runScenario" time="23.405"/>
</testsuite> <!-- Smart-bazaar -->
